<?xml version="1.0" encoding="UTF-8"?>
<coverage generated="1624388633699" clover="3.2.0">
  <project timestamp="1624388633699" name="All files">
    <metrics statements="32" coveredstatements="29" conditionals="14" coveredconditionals="10" methods="6" coveredmethods="4" elements="52" coveredelements="43" complexity="0" loc="32" ncloc="32" packages="1" files="4" classes="4"/>
    <file name="auth.ts" path="/Users/federicovitale/Developer/NODE_MODULES/splash-cli/src/utils/auth.ts">
      <metrics statements="9" coveredstatements="9" conditionals="0" coveredconditionals="0" methods="1" coveredmethods="1"/>
      <line num="1" count="1" type="stmt"/>
      <line num="24" count="1" type="stmt"/>
      <line num="25" count="1" type="stmt"/>
      <line num="27" count="1" type="stmt"/>
      <line num="29" count="1" type="stmt"/>
      <line num="30" count="1" type="stmt"/>
      <line num="31" count="1" type="stmt"/>
      <line num="33" count="1" type="stmt"/>
      <line num="35" count="1" type="stmt"/>
    </file>
    <file name="object.ts" path="/Users/federicovitale/Developer/NODE_MODULES/splash-cli/src/utils/object.ts">
      <metrics statements="7" coveredstatements="7" conditionals="0" coveredconditionals="0" methods="2" coveredmethods="1"/>
      <line num="1" count="1" type="stmt"/>
      <line num="6" count="1" type="stmt"/>
      <line num="7" count="2" type="stmt"/>
      <line num="8" count="2" type="stmt"/>
      <line num="10" count="1" type="stmt"/>
      <line num="12" count="1" type="stmt"/>
      <line num="16" count="1" type="stmt"/>
    </file>
    <file name="storage.ts" path="/Users/federicovitale/Developer/NODE_MODULES/splash-cli/src/utils/storage.ts">
      <metrics statements="3" coveredstatements="3" conditionals="12" coveredconditionals="9" methods="0" coveredmethods="0"/>
      <line num="1" count="1" type="stmt"/>
      <line num="32" count="1" type="stmt"/>
      <line num="50" count="1" type="stmt"/>
    </file>
    <file name="strings.ts" path="/Users/federicovitale/Developer/NODE_MODULES/splash-cli/src/utils/strings.ts">
      <metrics statements="13" coveredstatements="10" conditionals="2" coveredconditionals="1" methods="3" coveredmethods="2"/>
      <line num="1" count="1" type="stmt"/>
      <line num="2" count="1" type="stmt"/>
      <line num="8" count="1" type="stmt"/>
      <line num="9" count="1" type="stmt"/>
      <line num="15" count="1" type="stmt"/>
      <line num="16" count="1" type="stmt"/>
      <line num="18" count="1" type="cond" truecount="1" falsecount="1"/>
      <line num="19" count="1" type="stmt"/>
      <line num="22" count="1" type="stmt"/>
      <line num="30" count="1" type="stmt"/>
      <line num="31" count="0" type="stmt"/>
      <line num="33" count="0" type="stmt"/>
      <line num="40" count="0" type="stmt"/>
    </file>
  </project>
</coverage>
