{"/Users/federicovitale/Developer/NODE_MODULES/splash-cli/src/utils/auth.ts": {"path":"/Users/federicovitale/Developer/NODE_MODULES/splash-cli/src/utils/auth.ts","statementMap":{"0":{"start":{"line":1,"column":0},"end":{"line":1,"column":37}},"1":{"start":{"line":24,"column":36},"end":{"line":36,"column":1}},"2":{"start":{"line":25,"column":14},"end":{"line":25,"column":61}},"3":{"start":{"line":27,"column":15},"end":{"line":27,"column":35}},"4":{"start":{"line":29,"column":2},"end":{"line":29,"column":null}},"5":{"start":{"line":30,"column":2},"end":{"line":30,"column":null}},"6":{"start":{"line":31,"column":2},"end":{"line":31,"column":null}},"7":{"start":{"line":33,"column":2},"end":{"line":33,"column":null}},"8":{"start":{"line":35,"column":2},"end":{"line":35,"column":null}},"9":{"start":{"line":24,"column":13},"end":{"line":24,"column":36}}},"fnMap":{"0":{"name":"(anonymous_0)","decl":{"start":{"line":24,"column":36},"end":{"line":24,"column":37}},"loc":{"start":{"line":24,"column":73},"end":{"line":36,"column":1}}}},"branchMap":{},"s":{"0":1,"1":1,"2":1,"3":1,"4":1,"5":1,"6":1,"7":1,"8":1,"9":1},"f":{"0":1},"b":{}}
,"/Users/federicovitale/Developer/NODE_MODULES/splash-cli/src/utils/object.ts": {"path":"/Users/federicovitale/Developer/NODE_MODULES/splash-cli/src/utils/object.ts","statementMap":{"0":{"start":{"line":1,"column":0},"end":{"line":1,"column":33}},"1":{"start":{"line":6,"column":24},"end":{"line":14,"column":1}},"2":{"start":{"line":7,"column":2},"end":{"line":13,"column":null}},"3":{"start":{"line":8,"column":21},"end":{"line":8,"column":39}},"4":{"start":{"line":10,"column":4},"end":{"line":10,"column":null}},"5":{"start":{"line":12,"column":4},"end":{"line":12,"column":26}},"6":{"start":{"line":6,"column":13},"end":{"line":6,"column":24}},"7":{"start":{"line":16,"column":25},"end":{"line":16,"column":80}},"8":{"start":{"line":16,"column":69},"end":{"line":16,"column":80}},"9":{"start":{"line":16,"column":13},"end":{"line":16,"column":25}}},"fnMap":{"0":{"name":"(anonymous_6)","decl":{"start":{"line":6,"column":24},"end":{"line":6,"column":43}},"loc":{"start":{"line":6,"column":82},"end":{"line":14,"column":1}}},"1":{"name":"(anonymous_7)","decl":{"start":{"line":16,"column":25},"end":{"line":16,"column":32}},"loc":{"start":{"line":16,"column":69},"end":{"line":16,"column":80}}}},"branchMap":{},"s":{"0":1,"1":1,"2":2,"3":2,"4":1,"5":1,"6":1,"7":1,"8":0,"9":1},"f":{"0":2,"1":0},"b":{}}
,"/Users/federicovitale/Developer/NODE_MODULES/splash-cli/src/utils/storage.ts": {"path":"/Users/federicovitale/Developer/NODE_MODULES/splash-cli/src/utils/storage.ts","statementMap":{"0":{"start":{"line":1,"column":0},"end":{"line":1,"column":23}},"1":{"start":{"line":32,"column":13},"end":{"line":48,"column":null}},"2":{"start":{"line":50,"column":13},"end":{"line":63,"column":null}}},"fnMap":{},"branchMap":{"0":{"loc":{"start":{"line":40,"column":32},"end":{"line":40,"column":36}},"type":"cond-expr","locations":[{"start":{"line":40,"column":32},"end":{"line":40,"column":36}},{"start":{"line":40,"column":36},"end":{"line":40,"column":44}}]},"1":{"loc":{"start":{"line":40,"column":14},"end":{"line":40,"column":36}},"type":"binary-expr","locations":[{"start":{"line":40,"column":14},"end":{"line":40,"column":36}},{"start":{"line":40,"column":32},"end":{"line":40,"column":36}}]},"2":{"loc":{"start":{"line":41,"column":44},"end":{"line":41,"column":48}},"type":"cond-expr","locations":[{"start":{"line":41,"column":44},"end":{"line":41,"column":48}},{"start":{"line":41,"column":48},"end":{"line":41,"column":62}}]},"3":{"loc":{"start":{"line":41,"column":20},"end":{"line":41,"column":48}},"type":"binary-expr","locations":[{"start":{"line":41,"column":20},"end":{"line":41,"column":48}},{"start":{"line":41,"column":44},"end":{"line":41,"column":48}}]},"4":{"loc":{"start":{"line":43,"column":46},"end":{"line":43,"column":50}},"type":"cond-expr","locations":[{"start":{"line":43,"column":46},"end":{"line":43,"column":50}},{"start":{"line":43,"column":50},"end":{"line":43,"column":65}}]},"5":{"loc":{"start":{"line":43,"column":21},"end":{"line":43,"column":50}},"type":"binary-expr","locations":[{"start":{"line":43,"column":21},"end":{"line":43,"column":50}},{"start":{"line":43,"column":46},"end":{"line":43,"column":50}}]}},"s":{"0":1,"1":1,"2":1},"f":{},"b":{"0":[0,1],"1":[1,1],"2":[0,1],"3":[1,1],"4":[1,0],"5":[1,1]}}
,"/Users/federicovitale/Developer/NODE_MODULES/splash-cli/src/utils/strings.ts": {"path":"/Users/federicovitale/Developer/NODE_MODULES/splash-cli/src/utils/strings.ts","statementMap":{"0":{"start":{"line":1,"column":0},"end":{"line":1,"column":19}},"1":{"start":{"line":2,"column":0},"end":{"line":2,"column":25}},"2":{"start":{"line":8,"column":22},"end":{"line":9,"column":59}},"3":{"start":{"line":9,"column":1},"end":{"line":9,"column":59}},"4":{"start":{"line":8,"column":13},"end":{"line":8,"column":22}},"5":{"start":{"line":15,"column":25},"end":{"line":23,"column":1}},"6":{"start":{"line":16,"column":14},"end":{"line":16,"column":20}},"7":{"start":{"line":18,"column":1},"end":{"line":20,"column":null}},"8":{"start":{"line":19,"column":2},"end":{"line":19,"column":44}},"9":{"start":{"line":22,"column":1},"end":{"line":22,"column":13}},"10":{"start":{"line":15,"column":13},"end":{"line":15,"column":25}},"11":{"start":{"line":30,"column":29},"end":{"line":41,"column":1}},"12":{"start":{"line":31,"column":18},"end":{"line":31,"column":47}},"13":{"start":{"line":33,"column":1},"end":{"line":38,"column":48}},"14":{"start":{"line":40,"column":1},"end":{"line":40,"column":19}},"15":{"start":{"line":30,"column":13},"end":{"line":30,"column":29}}},"fnMap":{"0":{"name":"(anonymous_1)","decl":{"start":{"line":8,"column":22},"end":{"line":8,"column":23}},"loc":{"start":{"line":9,"column":1},"end":{"line":9,"column":59}}},"1":{"name":"(anonymous_2)","decl":{"start":{"line":15,"column":25},"end":{"line":15,"column":26}},"loc":{"start":{"line":15,"column":50},"end":{"line":23,"column":1}}},"2":{"name":"(anonymous_3)","decl":{"start":{"line":30,"column":29},"end":{"line":30,"column":30}},"loc":{"start":{"line":30,"column":51},"end":{"line":41,"column":1}}}},"branchMap":{"0":{"loc":{"start":{"line":18,"column":1},"end":{"line":20,"column":null}},"type":"if","locations":[{"start":{"line":18,"column":1},"end":{"line":20,"column":null}},{"start":{"line":18,"column":1},"end":{"line":20,"column":null}}]}},"s":{"0":1,"1":1,"2":1,"3":1,"4":1,"5":1,"6":1,"7":1,"8":1,"9":1,"10":1,"11":1,"12":0,"13":0,"14":0,"15":1},"f":{"0":1,"1":1,"2":0},"b":{"0":[1,0]}}
}
