TN:
SF:src/utils/auth.ts
FN:24,(anonymous_0)
FNF:1
FNH:1
FNDA:1,(anonymous_0)
DA:1,1
DA:24,1
DA:25,1
DA:27,1
DA:29,1
DA:30,1
DA:31,1
DA:33,1
DA:35,1
LF:9
LH:9
BRF:0
BRH:0
end_of_record
TN:
SF:src/utils/object.ts
FN:6,(anonymous_6)
FN:16,(anonymous_7)
FNF:2
FNH:1
FNDA:2,(anonymous_6)
FNDA:0,(anonymous_7)
DA:1,1
DA:6,1
DA:7,2
DA:8,2
DA:10,1
DA:12,1
DA:16,1
LF:7
LH:7
BRF:0
BRH:0
end_of_record
TN:
SF:src/utils/storage.ts
FNF:0
FNH:0
DA:1,1
DA:32,1
DA:50,1
LF:3
LH:3
BRDA:40,0,0,0
BRDA:40,0,1,1
BRDA:40,1,0,1
BRDA:40,1,1,1
BRDA:41,2,0,0
BRDA:41,2,1,1
BRDA:41,3,0,1
BRDA:41,3,1,1
BRDA:43,4,0,1
BRDA:43,4,1,0
BRDA:43,5,0,1
BRDA:43,5,1,1
BRF:12
BRH:9
end_of_record
TN:
SF:src/utils/strings.ts
FN:8,(anonymous_1)
FN:15,(anonymous_2)
FN:30,(anonymous_3)
FNF:3
FNH:2
FNDA:1,(anonymous_1)
FNDA:1,(anonymous_2)
FNDA:0,(anonymous_3)
DA:1,1
DA:2,1
DA:8,1
DA:9,1
DA:15,1
DA:16,1
DA:18,1
DA:19,1
DA:22,1
DA:30,1
DA:31,0
DA:33,0
DA:40,0
LF:13
LH:10
BRDA:18,0,0,1
BRDA:18,0,1,0
BRF:2
BRH:1
end_of_record
